source/a/upload/ :文件夹视频转码服务开启...
source/b/upload/ :文件夹视频转码服务开启...
source/x/upload/ :文件夹视频转码服务开启...
20165519591336vv4562.mp4：视频转码完成进度: 3%
2016551959w6684.mp4：视频转码完成进度: 3%
2016551959w6684.mp4：视频转码完成进度: 3%
20165519596684.mp4：视频转码完成进度: 2%
20165519594554vq86614.mp4：视频转码完成进度: 1%
20165519594554vq86614.mp4：视频转码完成进度: 2%
20165519591336vv4562.mp4：视频转码完成进度: 3%
20165519596684.mp4：视频转码完成进度: 3%
2016551959w6684.mp4：视频转码完成进度: 5%
20165519591336vv4562.mp4：视频转码完成进度: 4%
2016551959w6684.mp4：视频转码完成进度: 5%
20165519591336vv4562.mp4：视频转码完成进度: 4%
20165519594554vq86614.mp4：视频转码完成进度: 3%
20165519596684.mp4：视频转码完成进度: 3%
2016551959w6684.mp4：视频转码完成进度: 5%
20165519596684.mp4：视频转码完成进度: 5%
2016551959w6684.mp4：视频转码完成进度: 5%
20165519591336vv4562.mp4：视频转码完成进度: 6%
20165519594554vq86614.mp4：视频转码完成进度: 3%
20165519591336vv4562.mp4：视频转码完成进度: 5%
20165519594554vq86614.mp4：视频转码完成进度: 2%
20165519596684.mp4：视频转码完成进度: 5%
2016551959w6684.mp4：视频转码完成进度: 6%
20165519591336vv4562.mp4：视频转码完成进度: 7%
2016551959w6684.mp4：视频转码完成进度: 6%
20165519596684.mp4：视频转码完成进度: 5%
20165519594554vq86614.mp4：视频转码完成进度: 4%
20165519591336vv4562.mp4：视频转码完成进度: 6%
20165519594554vq86614.mp4：视频转码完成进度: 3%
20165519596684.mp4：视频转码完成进度: 5%
20165519591336vv4562.mp4：视频转码完成进度: 7%
20165519596684.mp4：视频转码完成进度: 6%
2016551959w6684.mp4：视频转码完成进度: 6%
2016551959w6684.mp4：视频转码完成进度: 7%
20165519594554vq86614.mp4：视频转码完成进度: 4%
20165519591336vv4562.mp4：视频转码完成进度: 7%
20165519594554vq86614.mp4：视频转码完成进度: 4%
2016551959w6684.mp4：视频转码完成进度: 7%
20165519596684.mp4：视频转码完成进度: 6%
2016551959w6684.mp4：视频转码完成进度: 8%
20165519594554vq86614.mp4：视频转码完成进度: 5%
20165519596684.mp4：视频转码完成进度: 7%
20165519591336vv4562.mp4：视频转码完成进度: 8%
20165519591336vv4562.mp4：视频转码完成进度: 7%
20165519594554vq86614.mp4：视频转码完成进度: 4%
20165519591336vv4562.mp4：视频转码完成进度: 10%
2016551959w6684.mp4：视频转码完成进度: 8%
20165519596684.mp4：视频转码完成进度: 7%
2016551959w6684.mp4：视频转码完成进度: 8%
20165519594554vq86614.mp4：视频转码完成进度: 6%
20165519594554vq86614.mp4：视频转码完成进度: 5%
20165519596684.mp4：视频转码完成进度: 8%
20165519591336vv4562.mp4：视频转码完成进度: 9%
thumbnail：不是视频文件...
video：不是视频文件...
thumbnail：不是视频文件...
video：不是视频文件...
20165519591336vv4562.mp4：视频转码完成进度: 10%
20165519596684.mp4：视频转码完成进度: 8%
2016551959w6684.mp4：视频转码完成进度: 9%
20165519591336vv4562.mp4：视频转码完成进度: 10%
20165519594554vq86614.mp4：视频转码完成进度: 7%
2016551959w6684.mp4：视频转码完成进度: 9%
20165519596684.mp4：视频转码完成进度: 9%
20165519594554vq86614.mp4：视频转码完成进度: 6%
20165519591336vv4562.mp4：视频转码完成进度: 11%
2016551959w6684.mp4：视频转码完成进度: 10%
20165519596684.mp4：视频转码完成进度: 8%
20165519591336vv4562.mp4：视频转码完成进度: 11%
2016551959w6684.mp4：视频转码完成进度: 10%
20165519596684.mp4：视频转码完成进度: 10%
20165519594554vq86614.mp4：视频转码完成进度: 7%
20165519594554vq86614.mp4：视频转码完成进度: 7%
20165519596684.mp4：视频转码完成进度: 9%
2016551959w6684.mp4：视频转码完成进度: 11%
2016551959w6684.mp4：视频转码完成进度: 11%
20165519591336vv4562.mp4：视频转码完成进度: 12%
20165519594554vq86614.mp4：视频转码完成进度: 8%
20165519591336vv4562.mp4：视频转码完成进度: 13%
20165519594554vq86614.mp4：视频转码完成进度: 7%
20165519596684.mp4：视频转码完成进度: 11%
20165519596684.mp4：视频转码完成进度: 10%
2016551959w6684.mp4：视频转码完成进度: 11%
2016551959w6684.mp4：视频转码完成进度: 11%
20165519591336vv4562.mp4：视频转码完成进度: 13%
20165519594554vq86614.mp4：视频转码完成进度: 9%
20165519594554vq86614.mp4：视频转码完成进度: 8%
20165519591336vv4562.mp4：视频转码完成进度: 13%
20165519596684.mp4：视频转码完成进度: 11%
20165519596684.mp4：视频转码完成进度: 11%
2016551959w6684.mp4：视频转码完成进度: 11%
20165519591336vv4562.mp4：视频转码完成进度: 15%
20165519596684.mp4：视频转码完成进度: 12%
20165519594554vq86614.mp4：视频转码完成进度: 10%
2016551959w6684.mp4：视频转码完成进度: 12%
20165519594554vq86614.mp4：视频转码完成进度: 9%
20165519591336vv4562.mp4：视频转码完成进度: 15%
20165519596684.mp4：视频转码完成进度: 11%
2016551959w6684.mp4：视频转码完成进度: 12%
20165519591336vv4562.mp4：视频转码完成进度: 15%
20165519594554vq86614.mp4：视频转码完成进度: 11%
20165519596684.mp4：视频转码完成进度: 12%
2016551959w6684.mp4：视频转码完成进度: 13%
20165519594554vq86614.mp4：视频转码完成进度: 9%
20165519596684.mp4：视频转码完成进度: 12%
20165519591336vv4562.mp4：视频转码完成进度: 15%
2016551959w6684.mp4：视频转码完成进度: 13%
20165519594554vq86614.mp4：视频转码完成进度: 11%
2016551959w6684.mp4：视频转码完成进度: 14%
20165519591336vv4562.mp4：视频转码完成进度: 16%
20165519594554vq86614.mp4：视频转码完成进度: 10%
20165519596684.mp4：视频转码完成进度: 14%
20165519596684.mp4：视频转码完成进度: 13%
20165519591336vv4562.mp4：视频转码完成进度: 17%
20165519591336vv4562.mp4：视频转码完成进度: 16%
20165519594554vq86614.mp4：视频转码完成进度: 12%
2016551959w6684.mp4：视频转码完成进度: 14%
20165519596684.mp4：视频转码完成进度: 14%
20165519594554vq86614.mp4：视频转码完成进度: 11%
2016551959w6684.mp4：视频转码完成进度: 15%
20165519591336vv4562.mp4：视频转码完成进度: 18%
20165519594554vq86614.mp4：视频转码完成进度: 12%
20165519591336vv4562.mp4：视频转码完成进度: 17%
20165519596684.mp4：视频转码完成进度: 14%
20165519594554vq86614.mp4：视频转码完成进度: 11%
2016551959w6684.mp4：视频转码完成进度: 15%
2016551959w6684.mp4：视频转码完成进度: 16%
20165519596684.mp4：视频转码完成进度: 15%
20165519591336vv4562.mp4：视频转码完成进度: 19%
20165519591336vv4562.mp4：视频转码完成进度: 18%
20165519594554vq86614.mp4：视频转码完成进度: 13%
2016551959w6684.mp4：视频转码完成进度: 16%
2016551959w6684.mp4：视频转码完成进度: 17%
20165519596684.mp4：视频转码完成进度: 15%
20165519596684.mp4：视频转码完成进度: 16%
20165519594554vq86614.mp4：视频转码完成进度: 12%
20165519591336vv4562.mp4：视频转码完成进度: 20%
20165519591336vv4562.mp4：视频转码完成进度: 20%
20165519594554vq86614.mp4：视频转码完成进度: 14%
2016551959w6684.mp4：视频转码完成进度: 17%
20165519594554vq86614.mp4：视频转码完成进度: 12%
20165519596684.mp4：视频转码完成进度: 16%
20165519596684.mp4：视频转码完成进度: 17%
2016551959w6684.mp4：视频转码完成进度: 17%
20165519591336vv4562.mp4：视频转码完成进度: 21%
20165519591336vv4562.mp4：视频转码完成进度: 22%
20165519594554vq86614.mp4：视频转码完成进度: 15%
20165519594554vq86614.mp4：视频转码完成进度: 14%
2016551959w6684.mp4：视频转码完成进度: 17%
20165519596684.mp4：视频转码完成进度: 17%
2016551959w6684.mp4：视频转码完成进度: 17%
20165519591336vv4562.mp4：视频转码完成进度: 22%
20165519596684.mp4：视频转码完成进度: 17%
20165519591336vv4562.mp4：视频转码完成进度: 22%
20165519594554vq86614.mp4：视频转码完成进度: 14%
20165519594554vq86614.mp4：视频转码完成进度: 15%
2016551959w6684.mp4：视频转码完成进度: 19%
20165519596684.mp4：视频转码完成进度: 18%
2016551959w6684.mp4：视频转码完成进度: 18%
20165519591336vv4562.mp4：视频转码完成进度: 24%
20165519596684.mp4：视频转码完成进度: 17%
20165519591336vv4562.mp4：视频转码完成进度: 23%
20165519594554vq86614.mp4：视频转码完成进度: 15%
2016551959w6684.mp4：视频转码完成进度: 20%
20165519594554vq86614.mp4：视频转码完成进度: 17%
20165519591336vv4562.mp4：视频转码完成进度: 24%
20165519596684.mp4：视频转码完成进度: 18%
2016551959w6684.mp4：视频转码完成进度: 19%
20165519596684.mp4：视频转码完成进度: 19%
20165519594554vq86614.mp4：视频转码完成进度: 15%
20165519594554vq86614.mp4：视频转码完成进度: 17%
20165519591336vv4562.mp4：视频转码完成进度: 24%
2016551959w6684.mp4：视频转码完成进度: 21%
20165519591336vv4562.mp4：视频转码完成进度: 25%
20165519596684.mp4：视频转码完成进度: 19%
20165519596684.mp4：视频转码完成进度: 20%
20165519591336vv4562.mp4：视频转码完成进度: 25%
2016551959w6684.mp4：视频转码完成进度: 20%
20165519594554vq86614.mp4：视频转码完成进度: 18%
20165519594554vq86614.mp4：视频转码完成进度: 16%
20165519596684.mp4：视频转码完成进度: 20%
20165519596684.mp4：视频转码完成进度: 21%
2016551959w6684.mp4：视频转码完成进度: 22%
2016551959w6684.mp4：视频转码完成进度: 21%
20165519591336vv4562.mp4：视频转码完成进度: 26%
20165519594554vq86614.mp4：视频转码完成进度: 17%
20165519594554vq86614.mp4：视频转码完成进度: 18%
20165519596684.mp4：视频转码完成进度: 21%
2016551959w6684.mp4：视频转码完成进度: 22%
2016551959w6684.mp4：视频转码完成进度: 22%
20165519591336vv4562.mp4：视频转码完成进度: 26%
20165519596684.mp4：视频转码完成进度: 22%
20165519591336vv4562.mp4：视频转码完成进度: 28%
20165519594554vq86614.mp4：视频转码完成进度: 18%
20165519596684.mp4：视频转码完成进度: 22%
20165519594554vq86614.mp4：视频转码完成进度: 19%
2016551959w6684.mp4：视频转码完成进度: 22%
20165519591336vv4562.mp4：视频转码完成进度: 28%
20165519596684.mp4：视频转码完成进度: 22%
20165519594554vq86614.mp4：视频转码完成进度: 18%
2016551959w6684.mp4：视频转码完成进度: 23%
20165519596684.mp4：视频转码完成进度: 22%
20165519591336vv4562.mp4：视频转码完成进度: 28%
20165519594554vq86614.mp4：视频转码完成进度: 20%
2016551959w6684.mp4：视频转码完成进度: 24%
20165519594554vq86614.mp4：视频转码完成进度: 18%
20165519596684.mp4：视频转码完成进度: 23%
20165519591336vv4562.mp4：视频转码完成进度: 28%
20165519596684.mp4：视频转码完成进度: 23%
2016551959w6684.mp4：视频转码完成进度: 24%
20165519591336vv4562.mp4：视频转码完成进度: 29%
20165519594554vq86614.mp4：视频转码完成进度: 20%
2016551959w6684.mp4：视频转码完成进度: 25%
20165519594554vq86614.mp4：视频转码完成进度: 20%
20165519596684.mp4：视频转码完成进度: 24%
20165519591336vv4562.mp4：视频转码完成进度: 29%
2016551959w6684.mp4：视频转码完成进度: 25%
20165519591336vv4562.mp4：视频转码完成进度: 30%
20165519594554vq86614.mp4：视频转码完成进度: 21%
2016551959w6684.mp4：视频转码完成进度: 26%
20165519596684.mp4：视频转码完成进度: 25%
20165519596684.mp4：视频转码完成进度: 25%
20165519591336vv4562.mp4：视频转码完成进度: 31%
20165519591336vv4562.mp4：视频转码完成进度: 32%
2016551959w6684.mp4：视频转码完成进度: 26%
20165519594554vq86614.mp4：视频转码完成进度: 22%
2016551959w6684.mp4：视频转码完成进度: 26%
20165519594554vq86614.mp4：视频转码完成进度: 20%
20165519596684.mp4：视频转码完成进度: 26%
20165519596684.mp4：视频转码完成进度: 25%
20165519591336vv4562.mp4：视频转码完成进度: 31%
2016551959w6684.mp4：视频转码完成进度: 26%
20165519594554vq86614.mp4：视频转码完成进度: 23%
20165519594554vq86614.mp4：视频转码完成进度: 21%
20165519591336vv4562.mp4：视频转码完成进度: 33%
2016551959w6684.mp4：视频转码完成进度: 27%
20165519596684.mp4：视频转码完成进度: 26%
20165519596684.mp4：视频转码完成进度: 27%
20165519591336vv4562.mp4：视频转码完成进度: 33%
2016551959w6684.mp4：视频转码完成进度: 27%
20165519594554vq86614.mp4：视频转码完成进度: 22%
20165519594554vq86614.mp4：视频转码完成进度: 24%
2016551959w6684.mp4：视频转码完成进度: 27%
20165519591336vv4562.mp4：视频转码完成进度: 34%
20165519596684.mp4：视频转码完成进度: 27%
20165519591336vv4562.mp4：视频转码完成进度: 34%
20165519596684.mp4：视频转码完成进度: 27%
2016551959w6684.mp4：视频转码完成进度: 27%
20165519594554vq86614.mp4：视频转码完成进度: 23%
20165519596684.mp4：视频转码完成进度: 27%
20165519591336vv4562.mp4：视频转码完成进度: 34%
20165519594554vq86614.mp4：视频转码完成进度: 24%
20165519591336vv4562.mp4：视频转码完成进度: 34%
2016551959w6684.mp4：视频转码完成进度: 28%
2016551959w6684.mp4：视频转码完成进度: 28%
20165519596684.mp4：视频转码完成进度: 28%
20165519591336vv4562.mp4：视频转码完成进度: 35%
20165519594554vq86614.mp4：视频转码完成进度: 24%
2016551959w6684.mp4：视频转码完成进度: 29%
20165519594554vq86614.mp4：视频转码完成进度: 26%
20165519591336vv4562.mp4：视频转码完成进度: 35%
20165519596684.mp4：视频转码完成进度: 28%
20165519596684.mp4：视频转码完成进度: 29%
2016551959w6684.mp4：视频转码完成进度: 29%
20165519591336vv4562.mp4：视频转码完成进度: 36%
20165519596684.mp4：视频转码完成进度: 29%
2016551959w6684.mp4：视频转码完成进度: 30%
20165519594554vq86614.mp4：视频转码完成进度: 25%
20165519594554vq86614.mp4：视频转码完成进度: 26%
20165519596684.mp4：视频转码完成进度: 29%
20165519591336vv4562.mp4：视频转码完成进度: 36%
20165519591336vv4562.mp4：视频转码完成进度: 37%
2016551959w6684.mp4：视频转码完成进度: 30%
20165519596684.mp4：视频转码完成进度: 29%
20165519591336vv4562.mp4：视频转码完成进度: 36%
20165519594554vq86614.mp4：视频转码完成进度: 27%
2016551959w6684.mp4：视频转码完成进度: 30%
20165519596684.mp4：视频转码完成进度: 30%
20165519594554vq86614.mp4：视频转码完成进度: 26%
20165519591336vv4562.mp4：视频转码完成进度: 38%
20165519594554vq86614.mp4：视频转码完成进度: 28%
2016551959w6684.mp4：视频转码完成进度: 31%
20165519596684.mp4：视频转码完成进度: 30%
20165519591336vv4562.mp4：视频转码完成进度: 38%
20165519594554vq86614.mp4：视频转码完成进度: 26%
2016551959w6684.mp4：视频转码完成进度: 31%
20165519591336vv4562.mp4：视频转码完成进度: 39%
2016551959w6684.mp4：视频转码完成进度: 31%
20165519596684.mp4：视频转码完成进度: 31%
20165519596684.mp4：视频转码完成进度: 31%
20165519594554vq86614.mp4：视频转码完成进度: 27%
20165519594554vq86614.mp4：视频转码完成进度: 29%
2016551959w6684.mp4：视频转码完成进度: 31%
20165519591336vv4562.mp4：视频转码完成进度: 39%
20165519591336vv4562.mp4：视频转码完成进度: 39%
20165519594554vq86614.mp4：视频转码完成进度: 30%
2016551959w6684.mp4：视频转码完成进度: 32%
20165519596684.mp4：视频转码完成进度: 32%
20165519596684.mp4：视频转码完成进度: 31%
2016551959w6684.mp4：视频转码完成进度: 32%
20165519594554vq86614.mp4：视频转码完成进度: 29%
20165519591336vv4562.mp4：视频转码完成进度: 39%
2016551959w6684.mp4：视频转码完成进度: 33%
20165519596684.mp4：视频转码完成进度: 33%
20165519591336vv4562.mp4：视频转码完成进度: 41%
20165519594554vq86614.mp4：视频转码完成进度: 30%
20165519596684.mp4：视频转码完成进度: 32%
2016551959w6684.mp4：视频转码完成进度: 33%
20165519591336vv4562.mp4：视频转码完成进度: 41%
2016551959w6684.mp4：视频转码完成进度: 34%
20165519594554vq86614.mp4：视频转码完成进度: 29%
20165519596684.mp4：视频转码完成进度: 34%
20165519594554vq86614.mp4：视频转码完成进度: 30%
20165519591336vv4562.mp4：视频转码完成进度: 42%
20165519596684.mp4：视频转码完成进度: 33%
20165519594554vq86614.mp4：视频转码完成进度: 30%
2016551959w6684.mp4：视频转码完成进度: 34%
20165519591336vv4562.mp4：视频转码完成进度: 42%
2016551959w6684.mp4：视频转码完成进度: 35%
20165519596684.mp4：视频转码完成进度: 35%
20165519594554vq86614.mp4：视频转码完成进度: 31%
20165519591336vv4562.mp4：视频转码完成进度: 43%
2016551959w6684.mp4：视频转码完成进度: 35%
2016551959w6684.mp4：视频转码完成进度: 35%
20165519596684.mp4：视频转码完成进度: 34%
20165519594554vq86614.mp4：视频转码完成进度: 30%
20165519594554vq86614.mp4：视频转码完成进度: 32%
20165519591336vv4562.mp4：视频转码完成进度: 44%
20165519591336vv4562.mp4：视频转码完成进度: 45%
20165519596684.mp4：视频转码完成进度: 36%
2016551959w6684.mp4：视频转码完成进度: 36%
20165519594554vq86614.mp4：视频转码完成进度: 30%
20165519596684.mp4：视频转码完成进度: 35%
20165519596684.mp4：视频转码完成进度: 36%
2016551959w6684.mp4：视频转码完成进度: 36%
20165519594554vq86614.mp4：视频转码完成进度: 33%
20165519591336vv4562.mp4：视频转码完成进度: 45%
20165519591336vv4562.mp4：视频转码完成进度: 45%
20165519594554vq86614.mp4：视频转码完成进度: 31%
2016551959w6684.mp4：视频转码完成进度: 36%
20165519594554vq86614.mp4：视频转码完成进度: 33%
2016551959w6684.mp4：视频转码完成进度: 36%
20165519596684.mp4：视频转码完成进度: 36%
20165519596684.mp4：视频转码完成进度: 36%
20165519591336vv4562.mp4：视频转码完成进度: 46%
2016551959w6684.mp4：视频转码完成进度: 37%
20165519591336vv4562.mp4：视频转码完成进度: 46%
20165519594554vq86614.mp4：视频转码完成进度: 32%
20165519596684.mp4：视频转码完成进度: 36%
2016551959w6684.mp4：视频转码完成进度: 37%
20165519594554vq86614.mp4：视频转码完成进度: 33%
20165519596684.mp4：视频转码完成进度: 37%
20165519591336vv4562.mp4：视频转码完成进度: 48%
2016551959w6684.mp4：视频转码完成进度: 38%
20165519591336vv4562.mp4：视频转码完成进度: 48%
20165519594554vq86614.mp4：视频转码完成进度: 33%
2016551959w6684.mp4：视频转码完成进度: 38%
20165519594554vq86614.mp4：视频转码完成进度: 34%
20165519596684.mp4：视频转码完成进度: 37%
20165519596684.mp4：视频转码完成进度: 38%
20165519591336vv4562.mp4：视频转码完成进度: 49%
2016551959w6684.mp4：视频转码完成进度: 39%
2016551959w6684.mp4：视频转码完成进度: 39%
20165519591336vv4562.mp4：视频转码完成进度: 49%
20165519594554vq86614.mp4：视频转码完成进度: 33%
20165519596684.mp4：视频转码完成进度: 38%
20165519594554vq86614.mp4：视频转码完成进度: 34%
2016551959w6684.mp4：视频转码完成进度: 40%
20165519591336vv4562.mp4：视频转码完成进度: 50%
20165519591336vv4562.mp4：视频转码完成进度: 50%
20165519596684.mp4：视频转码完成进度: 40%
20165519594554vq86614.mp4：视频转码完成进度: 35%
20165519596684.mp4：视频转码完成进度: 39%
2016551959w6684.mp4：视频转码完成进度: 40%
20165519594554vq86614.mp4：视频转码完成进度: 34%
20165519591336vv4562.mp4：视频转码完成进度: 50%
20165519591336vv4562.mp4：视频转码完成进度: 51%
2016551959w6684.mp4：视频转码完成进度: 40%
20165519596684.mp4：视频转码完成进度: 40%
2016551959w6684.mp4：视频转码完成进度: 40%
20165519594554vq86614.mp4：视频转码完成进度: 36%
2016551959w6684.mp4：视频转码完成进度: 41%
20165519596684.mp4：视频转码完成进度: 40%
20165519594554vq86614.mp4：视频转码完成进度: 34%
20165519596684.mp4：视频转码完成进度: 41%
20165519591336vv4562.mp4：视频转码完成进度: 52%
20165519591336vv4562.mp4：视频转码完成进度: 52%
20165519596684.mp4：视频转码完成进度: 40%
2016551959w6684.mp4：视频转码完成进度: 41%
20165519594554vq86614.mp4：视频转码完成进度: 36%
2016551959w6684.mp4：视频转码完成进度: 41%
20165519594554vq86614.mp4：视频转码完成进度: 34%
2016551959w6684.mp4：视频转码完成进度: 42%
20165519591336vv4562.mp4：视频转码完成进度: 53%
20165519591336vv4562.mp4：视频转码完成进度: 53%
20165519596684.mp4：视频转码完成进度: 40%
20165519596684.mp4：视频转码完成进度: 42%
20165519594554vq86614.mp4：视频转码完成进度: 35%
2016551959w6684.mp4：视频转码完成进度: 42%
20165519591336vv4562.mp4：视频转码完成进度: 54%
20165519594554vq86614.mp4：视频转码完成进度: 37%
20165519596684.mp4：视频转码完成进度: 42%
20165519591336vv4562.mp4：视频转码完成进度: 54%
2016551959w6684.mp4：视频转码完成进度: 43%
20165519594554vq86614.mp4：视频转码完成进度: 37%
20165519596684.mp4：视频转码完成进度: 42%
20165519594554vq86614.mp4：视频转码完成进度: 36%
2016551959w6684.mp4：视频转码完成进度: 43%
20165519591336vv4562.mp4：视频转码完成进度: 55%
20165519591336vv4562.mp4：视频转码完成进度: 56%
2016551959w6684.mp4：视频转码完成进度: 44%
20165519596684.mp4：视频转码完成进度: 42%
20165519594554vq86614.mp4：视频转码完成进度: 38%
20165519596684.mp4：视频转码完成进度: 44%
20165519594554vq86614.mp4：视频转码完成进度: 36%
20165519591336vv4562.mp4：视频转码完成进度: 56%
20165519591336vv4562.mp4：视频转码完成进度: 56%
2016551959w6684.mp4：视频转码完成进度: 45%
2016551959w6684.mp4：视频转码完成进度: 45%
20165519594554vq86614.mp4：视频转码完成进度: 39%
20165519596684.mp4：视频转码完成进度: 45%
20165519596684.mp4：视频转码完成进度: 44%
20165519594554vq86614.mp4：视频转码完成进度: 37%
20165519591336vv4562.mp4：视频转码完成进度: 57%
20165519591336vv4562.mp4：视频转码完成进度: 57%
20165519594554vq86614.mp4：视频转码完成进度: 39%
2016551959w6684.mp4：视频转码完成进度: 45%
2016551959w6684.mp4：视频转码完成进度: 45%
20165519596684.mp4：视频转码完成进度: 44%
20165519596684.mp4：视频转码完成进度: 45%
20165519591336vv4562.mp4：视频转码完成进度: 58%
20165519594554vq86614.mp4：视频转码完成进度: 38%
2016551959w6684.mp4：视频转码完成进度: 46%
20165519596684.mp4：视频转码完成进度: 45%
20165519594554vq86614.mp4：视频转码完成进度: 40%
2016551959w6684.mp4：视频转码完成进度: 46%
20165519596684.mp4：视频转码完成进度: 46%
20165519591336vv4562.mp4：视频转码完成进度: 58%
20165519591336vv4562.mp4：视频转码完成进度: 59%
2016551959w6684.mp4：视频转码完成进度: 47%
20165519594554vq86614.mp4：视频转码完成进度: 41%
20165519591336vv4562.mp4：视频转码完成进度: 59%
2016551959w6684.mp4：视频转码完成进度: 47%
20165519594554vq86614.mp4：视频转码完成进度: 39%
20165519596684.mp4：视频转码完成进度: 45%
20165519596684.mp4：视频转码完成进度: 47%
20165519591336vv4562.mp4：视频转码完成进度: 60%
20165519594554vq86614.mp4：视频转码完成进度: 42%
2016551959w6684.mp4：视频转码完成进度: 48%
20165519594554vq86614.mp4：视频转码完成进度: 39%
20165519591336vv4562.mp4：视频转码完成进度: 60%
2016551959w6684.mp4：视频转码完成进度: 48%
20165519591336vv4562.mp4：视频转码完成进度: 61%
20165519596684.mp4：视频转码完成进度: 47%
20165519596684.mp4：视频转码完成进度: 48%
20165519591336vv4562.mp4：视频转码完成进度: 60%
2016551959w6684.mp4：视频转码完成进度: 49%
2016551959w6684.mp4：视频转码完成进度: 49%
20165519594554vq86614.mp4：视频转码完成进度: 41%
20165519594554vq86614.mp4：视频转码完成进度: 43%
20165519596684.mp4：视频转码完成进度: 49%
20165519591336vv4562.mp4：视频转码完成进度: 61%
2016551959w6684.mp4：视频转码完成进度: 49%
20165519596684.mp4：视频转码完成进度: 48%
2016551959w6684.mp4：视频转码完成进度: 49%
20165519591336vv4562.mp4：视频转码完成进度: 61%
20165519594554vq86614.mp4：视频转码完成进度: 43%
20165519594554vq86614.mp4：视频转码完成进度: 42%
20165519596684.mp4：视频转码完成进度: 49%
20165519596684.mp4：视频转码完成进度: 49%
20165519591336vv4562.mp4：视频转码完成进度: 62%
20165519591336vv4562.mp4：视频转码完成进度: 61%
2016551959w6684.mp4：视频转码完成进度: 49%
2016551959w6684.mp4：视频转码完成进度: 50%
20165519594554vq86614.mp4：视频转码完成进度: 43%
20165519596684.mp4：视频转码完成进度: 49%
20165519596684.mp4：视频转码完成进度: 50%
2016551959w6684.mp4：视频转码完成进度: 51%
20165519594554vq86614.mp4：视频转码完成进度: 44%
20165519591336vv4562.mp4：视频转码完成进度: 63%
2016551959w6684.mp4：视频转码完成进度: 51%
20165519594554vq86614.mp4：视频转码完成进度: 45%
20165519591336vv4562.mp4：视频转码完成进度: 62%
20165519596684.mp4：视频转码完成进度: 50%
20165519596684.mp4：视频转码完成进度: 51%
20165519594554vq86614.mp4：视频转码完成进度: 43%
2016551959w6684.mp4：视频转码完成进度: 52%
20165519594554vq86614.mp4：视频转码完成进度: 45%
2016551959w6684.mp4：视频转码完成进度: 52%
20165519591336vv4562.mp4：视频转码完成进度: 64%
20165519591336vv4562.mp4：视频转码完成进度: 63%
20165519596684.mp4：视频转码完成进度: 51%
20165519596684.mp4：视频转码完成进度: 52%
20165519594554vq86614.mp4：视频转码完成进度: 44%
2016551959w6684.mp4：视频转码完成进度: 53%
20165519594554vq86614.mp4：视频转码完成进度: 46%
2016551959w6684.mp4：视频转码完成进度: 53%
20165519591336vv4562.mp4：视频转码完成进度: 65%
20165519596684.mp4：视频转码完成进度: 52%
20165519591336vv4562.mp4：视频转码完成进度: 64%
20165519594554vq86614.mp4：视频转码完成进度: 44%
20165519596684.mp4：视频转码完成进度: 53%
20165519594554vq86614.mp4：视频转码完成进度: 47%
2016551959w6684.mp4：视频转码完成进度: 54%
2016551959w6684.mp4：视频转码完成进度: 54%
20165519591336vv4562.mp4：视频转码完成进度: 66%
20165519594554vq86614.mp4：视频转码完成进度: 46%
20165519596684.mp4：视频转码完成进度: 53%
20165519591336vv4562.mp4：视频转码完成进度: 66%
20165519596684.mp4：视频转码完成进度: 54%
20165519594554vq86614.mp4：视频转码完成进度: 48%
2016551959w6684.mp4：视频转码完成进度: 54%
2016551959w6684.mp4：视频转码完成进度: 54%
20165519591336vv4562.mp4：视频转码完成进度: 67%
20165519594554vq86614.mp4：视频转码完成进度: 47%
20165519596684.mp4：视频转码完成进度: 54%
2016551959w6684.mp4：视频转码完成进度: 55%
2016551959w6684.mp4：视频转码完成进度: 55%
20165519594554vq86614.mp4：视频转码完成进度: 49%
20165519596684.mp4：视频转码完成进度: 55%
20165519591336vv4562.mp4：视频转码完成进度: 67%
20165519591336vv4562.mp4：视频转码完成进度: 68%
20165519594554vq86614.mp4：视频转码完成进度: 47%
20165519596684.mp4：视频转码完成进度: 54%
20165519594554vq86614.mp4：视频转码完成进度: 49%
2016551959w6684.mp4：视频转码完成进度: 56%
2016551959w6684.mp4：视频转码完成进度: 56%
20165519591336vv4562.mp4：视频转码完成进度: 68%
20165519591336vv4562.mp4：视频转码完成进度: 69%
20165519596684.mp4：视频转码完成进度: 56%
20165519594554vq86614.mp4：视频转码完成进度: 48%
20165519596684.mp4：视频转码完成进度: 55%
2016551959w6684.mp4：视频转码完成进度: 57%
20165519594554vq86614.mp4：视频转码完成进度: 50%
2016551959w6684.mp4：视频转码完成进度: 57%
20165519591336vv4562.mp4：视频转码完成进度: 70%
20165519591336vv4562.mp4：视频转码完成进度: 69%
20165519596684.mp4：视频转码完成进度: 56%
20165519596684.mp4：视频转码完成进度: 57%
20165519594554vq86614.mp4：视频转码完成进度: 49%
2016551959w6684.mp4：视频转码完成进度: 58%
20165519591336vv4562.mp4：视频转码完成进度: 72%
20165519594554vq86614.mp4：视频转码完成进度: 50%
20165519596684.mp4：视频转码完成进度: 57%
2016551959w6684.mp4：视频转码完成进度: 58%
20165519591336vv4562.mp4：视频转码完成进度: 70%
20165519596684.mp4：视频转码完成进度: 58%
20165519594554vq86614.mp4：视频转码完成进度: 49%
2016551959w6684.mp4：视频转码完成进度: 58%
20165519591336vv4562.mp4：视频转码完成进度: 72%
20165519594554vq86614.mp4：视频转码完成进度: 52%
20165519591336vv4562.mp4：视频转码完成进度: 72%
20165519596684.mp4：视频转码完成进度: 58%
2016551959w6684.mp4：视频转码完成进度: 58%
20165519596684.mp4：视频转码完成进度: 58%
20165519594554vq86614.mp4：视频转码完成进度: 50%
2016551959w6684.mp4：视频转码完成进度: 59%
20165519591336vv4562.mp4：视频转码完成进度: 72%
20165519591336vv4562.mp4：视频转码完成进度: 74%
2016551959w6684.mp4：视频转码完成进度: 59%
20165519596684.mp4：视频转码完成进度: 58%
20165519594554vq86614.mp4：视频转码完成进度: 52%
20165519594554vq86614.mp4：视频转码完成进度: 50%
20165519596684.mp4：视频转码完成进度: 59%
2016551959w6684.mp4：视频转码完成进度: 60%
2016551959w6684.mp4：视频转码完成进度: 60%
20165519591336vv4562.mp4：视频转码完成进度: 74%
20165519594554vq86614.mp4：视频转码完成进度: 51%
20165519594554vq86614.mp4：视频转码完成进度: 52%
20165519596684.mp4：视频转码完成进度: 59%
20165519596684.mp4：视频转码完成进度: 61%
20165519591336vv4562.mp4：视频转码完成进度: 76%
2016551959w6684.mp4：视频转码完成进度: 61%
2016551959w6684.mp4：视频转码完成进度: 61%
20165519591336vv4562.mp4：视频转码完成进度: 75%
20165519591336vv4562.mp4：视频转码完成进度: 77%
20165519594554vq86614.mp4：视频转码完成进度: 53%
20165519594554vq86614.mp4：视频转码完成进度: 52%
20165519596684.mp4：视频转码完成进度: 62%
20165519596684.mp4：视频转码完成进度: 61%
2016551959w6684.mp4：视频转码完成进度: 62%
20165519594554vq86614.mp4：视频转码完成进度: 52%
2016551959w6684.mp4：视频转码完成进度: 62%
20165519591336vv4562.mp4：视频转码完成进度: 78%
20165519596684.mp4：视频转码完成进度: 62%
20165519591336vv4562.mp4：视频转码完成进度: 77%
20165519594554vq86614.mp4：视频转码完成进度: 54%
2016551959w6684.mp4：视频转码完成进度: 63%
20165519596684.mp4：视频转码完成进度: 62%
20165519594554vq86614.mp4：视频转码完成进度: 52%
20165519591336vv4562.mp4：视频转码完成进度: 79%
20165519594554vq86614.mp4：视频转码完成进度: 54%
20165519591336vv4562.mp4：视频转码完成进度: 78%
20165519596684.mp4：视频转码完成进度: 63%
2016551959w6684.mp4：视频转码完成进度: 63%
20165519596684.mp4：视频转码完成进度: 62%
2016551959w6684.mp4：视频转码完成进度: 64%
20165519594554vq86614.mp4：视频转码完成进度: 54%
20165519591336vv4562.mp4：视频转码完成进度: 81%
20165519591336vv4562.mp4：视频转码完成进度: 79%
2016551959w6684.mp4：视频转码完成进度: 64%
20165519596684.mp4：视频转码完成进度: 63%
20165519596684.mp4：视频转码完成进度: 64%
20165519594554vq86614.mp4：视频转码完成进度: 53%
2016551959w6684.mp4：视频转码完成进度: 65%
20165519591336vv4562.mp4：视频转码完成进度: 80%
20165519594554vq86614.mp4：视频转码完成进度: 55%
20165519591336vv4562.mp4：视频转码完成进度: 81%
2016551959w6684.mp4：视频转码完成进度: 65%
20165519596684.mp4：视频转码完成进度: 64%
20165519596684.mp4：视频转码完成进度: 65%
20165519594554vq86614.mp4：视频转码完成进度: 54%
20165519591336vv4562.mp4：视频转码完成进度: 81%
2016551959w6684.mp4：视频转码完成进度: 66%
20165519594554vq86614.mp4：视频转码完成进度: 56%
20165519591336vv4562.mp4：视频转码完成进度: 83%
2016551959w6684.mp4：视频转码完成进度: 66%
20165519596684.mp4：视频转码完成进度: 65%
20165519596684.mp4：视频转码完成进度: 66%
20165519594554vq86614.mp4：视频转码完成进度: 54%
20165519591336vv4562.mp4：视频转码完成进度: 82%
20165519591336vv4562.mp4：视频转码完成进度: 84%
2016551959w6684.mp4：视频转码完成进度: 67%
20165519594554vq86614.mp4：视频转码完成进度: 57%
20165519596684.mp4：视频转码完成进度: 66%
2016551959w6684.mp4：视频转码完成进度: 67%
20165519594554vq86614.mp4：视频转码完成进度: 55%
20165519596684.mp4：视频转码完成进度: 67%
20165519591336vv4562.mp4：视频转码完成进度: 83%
20165519594554vq86614.mp4：视频转码完成进度: 57%
20165519591336vv4562.mp4：视频转码完成进度: 84%
2016551959w6684.mp4：视频转码完成进度: 67%
20165519594554vq86614.mp4：视频转码完成进度: 56%
20165519596684.mp4：视频转码完成进度: 67%
20165519596684.mp4：视频转码完成进度: 68%
2016551959w6684.mp4：视频转码完成进度: 67%
20165519594554vq86614.mp4：视频转码完成进度: 58%
20165519591336vv4562.mp4：视频转码完成进度: 85%
20165519591336vv4562.mp4：视频转码完成进度: 84%
2016551959w6684.mp4：视频转码完成进度: 69%
2016551959w6684.mp4：视频转码完成进度: 69%
20165519596684.mp4：视频转码完成进度: 67%
20165519594554vq86614.mp4：视频转码完成进度: 56%
20165519596684.mp4：视频转码完成进度: 69%
20165519591336vv4562.mp4：视频转码完成进度: 87%
20165519594554vq86614.mp4：视频转码完成进度: 58%
2016551959w6684.mp4：视频转码完成进度: 70%
20165519591336vv4562.mp4：视频转码完成进度: 85%
2016551959w6684.mp4：视频转码完成进度: 70%
20165519596684.mp4：视频转码完成进度: 69%
20165519596684.mp4：视频转码完成进度: 69%
20165519594554vq86614.mp4：视频转码完成进度: 57%
20165519591336vv4562.mp4：视频转码完成进度: 87%
20165519591336vv4562.mp4：视频转码完成进度: 89%
2016551959w6684.mp4：视频转码完成进度: 71%
20165519596684.mp4：视频转码完成进度: 70%
20165519594554vq86614.mp4：视频转码完成进度: 59%
2016551959w6684.mp4：视频转码完成进度: 71%
20165519596684.mp4：视频转码完成进度: 70%
20165519594554vq86614.mp4：视频转码完成进度: 58%
20165519594554vq86614.mp4：视频转码完成进度: 59%
20165519591336vv4562.mp4：视频转码完成进度: 89%
20165519591336vv4562.mp4：视频转码完成进度: 88%
20165519596684.mp4：视频转码完成进度: 71%
20165519596684.mp4：视频转码完成进度: 70%
2016551959w6684.mp4：视频转码完成进度: 72%
20165519594554vq86614.mp4：视频转码完成进度: 59%
2016551959w6684.mp4：视频转码完成进度: 72%
20165519591336vv4562.mp4：视频转码完成进度: 89%
20165519591336vv4562.mp4：视频转码完成进度: 91%
20165519596684.mp4：视频转码完成进度: 71%
20165519594554vq86614.mp4：视频转码完成进度: 60%
20165519596684.mp4：视频转码完成进度: 72%
2016551959w6684.mp4：视频转码完成进度: 72%
2016551959w6684.mp4：视频转码完成进度: 72%
20165519594554vq86614.mp4：视频转码完成进度: 59%
20165519591336vv4562.mp4：视频转码完成进度: 90%
20165519594554vq86614.mp4：视频转码完成进度: 61%
20165519591336vv4562.mp4：视频转码完成进度: 92%
20165519596684.mp4：视频转码完成进度: 72%
2016551959w6684.mp4：视频转码完成进度: 73%
20165519596684.mp4：视频转码完成进度: 73%
2016551959w6684.mp4：视频转码完成进度: 73%
20165519594554vq86614.mp4：视频转码完成进度: 60%
20165519591336vv4562.mp4：视频转码完成进度: 93%
20165519591336vv4562.mp4：视频转码完成进度: 91%
20165519594554vq86614.mp4：视频转码完成进度: 62%
20165519596684.mp4：视频转码完成进度: 73%
2016551959w6684.mp4：视频转码完成进度: 74%
2016551959w6684.mp4：视频转码完成进度: 74%
20165519594554vq86614.mp4：视频转码完成进度: 60%
20165519596684.mp4：视频转码完成进度: 74%
20165519591336vv4562.mp4：视频转码完成进度: 92%
20165519591336vv4562.mp4：视频转码完成进度: 94%
20165519594554vq86614.mp4：视频转码完成进度: 62%
20165519596684.mp4：视频转码完成进度: 74%
20165519596684.mp4：视频转码完成进度: 75%
20165519594554vq86614.mp4：视频转码完成进度: 62%
2016551959w6684.mp4：视频转码完成进度: 76%
2016551959w6684.mp4：视频转码完成进度: 75%
20165519591336vv4562.mp4：视频转码完成进度: 94%
20165519591336vv4562.mp4：视频转码完成进度: 93%
20165519596684.mp4：视频转码完成进度: 75%
20165519594554vq86614.mp4：视频转码完成进度: 63%
2016551959w6684.mp4：视频转码完成进度: 76%
20165519596684.mp4：视频转码完成进度: 76%
2016551959w6684.mp4：视频转码完成进度: 76%
20165519591336vv4562.mp4：视频转码完成进度: 95%
20165519594554vq86614.mp4：视频转码完成进度: 62%
20165519594554vq86614.mp4：视频转码完成进度: 64%
20165519591336vv4562.mp4：视频转码完成进度: 94%
20165519596684.mp4：视频转码完成进度: 76%
20165519596684.mp4：视频转码完成进度: 76%
2016551959w6684.mp4：视频转码完成进度: 77%
20165519591336vv4562.mp4：视频转码完成进度: 95%
2016551959w6684.mp4：视频转码完成进度: 77%
20165519594554vq86614.mp4：视频转码完成进度: 63%
20165519594554vq86614.mp4：视频转码完成进度: 65%
20165519596684.mp4：视频转码完成进度: 76%
20165519591336vv4562.mp4：视频转码完成进度: 95%
2016551959w6684.mp4：视频转码完成进度: 77%
20165519591336vv4562.mp4：视频转码完成进度: 96%
20165519594554vq86614.mp4：视频转码完成进度: 64%
20165519596684.mp4：视频转码完成进度: 78%
20165519594554vq86614.mp4：视频转码完成进度: 66%
2016551959w6684.mp4：视频转码完成进度: 78%
20165519596684.mp4：视频转码完成进度: 77%
20165519591336vv4562.mp4：视频转码完成进度: 95%
2016551959w6684.mp4：视频转码完成进度: 78%
20165519594554vq86614.mp4：视频转码完成进度: 65%
20165519591336vv4562.mp4：视频转码完成进度: 97%
20165519594554vq86614.mp4：视频转码完成进度: 67%
20165519596684.mp4：视频转码完成进度: 79%
2016551959w6684.mp4：视频转码完成进度: 79%
20165519596684.mp4：视频转码完成进度: 78%
20165519591336vv4562.mp4：视频转码完成进度: 99%
20165519591336vv4562.mp4：视频转码完成进度: 96%
2016551959w6684.mp4：视频转码完成进度: 79%
20165519594554vq86614.mp4：视频转码完成进度: 66%
20165519594554vq86614.mp4：视频转码完成进度: 68%
20165519596684.mp4：视频转码完成进度: 80%
2016551959w6684.mp4：视频转码完成进度: 81%
20165519596684.mp4：视频转码完成进度: 79%
20165519591336vv4562.mp4：视频转码完成进度: 97%
20165519591336vv4562.mp4：视频转码完成进度: 99%
2016551959w6684.mp4：视频转码完成进度: 80%
20165519594554vq86614.mp4：视频转码完成进度: 67%
20165519594554vq86614.mp4：视频转码完成进度: 69%
20165519596684.mp4：视频转码完成进度: 81%
2016551959w6684.mp4：视频转码完成进度: 81%
2016551959w6684.mp4：视频转码完成进度: 81%
20165519596684.mp4：视频转码完成进度: 81%
20165519591336vv4562.mp4：视频转码完成进度: 99%
20165519596684.mp4：视频转码完成进度: 81%
20165519594554vq86614.mp4：视频转码完成进度: 70%
20165519594554vq86614.mp4：视频转码完成进度: 68%
2016551959w6684.mp4：视频转码完成进度: 82%
20165519596684.mp4：视频转码完成进度: 82%
20165519591336vv4562.mp4：视频转码完成进度: 99%
20165519594554vq86614.mp4：视频转码完成进度: 69%
2016551959w6684.mp4：视频转码完成进度: 81%
20165519596684.mp4：视频转码完成进度: 81%
20165519594554vq86614.mp4：视频转码完成进度: 70%
2016551959w6684.mp4：视频转码完成进度: 82%
2016551959w6684.mp4：视频转码完成进度: 83%
20165519594554vq86614.mp4：视频转码完成进度: 70%
20165519596684.mp4：视频转码完成进度: 83%
20165519596684.mp4：视频转码完成进度: 82%
20165519594554vq86614.mp4：视频转码完成进度: 71%
2016551959w6684.mp4：视频转码完成进度: 83%
2016551959w6684.mp4：视频转码完成进度: 84%
20165519591336vv4562.mp4：视频转码完成进度: 100%
20165519591336vv4562.mp4：视频转码成功！
转码成功并将原始文件重命名
20165519596684.mp4：视频转码完成进度: 84%
20165519594554vq86614.mp4：视频转码完成进度: 70%
20165519596684.mp4：视频转码完成进度: 83%
20165519594554vq86614.mp4：视频转码完成进度: 72%
正在生成视频截图: 20165519591336vv4562_512x288.png
2016551959w6684.mp4：视频转码完成进度: 85%
2016551959w6684.mp4：视频转码完成进度: 84%
20165519594554vq86614.mp4：视频转码完成进度: 71%
视频截图保存成功！
20165519596684.mp4：视频转码完成进度: 84%
20165519594554vq86614.mp4：视频转码完成进度: 73%
20165519596684.mp4：视频转码完成进度: 85%
20165519591336vv4562.mp4.Done：不是视频文件...
20165519591336vv4562_512x288.png：不是视频文件...
20165519591336vv4562.mp4：视频转码完成进度: 100%
20165519591336vv4562.mp4：视频转码成功！
重命名文件失败 { [Error: ENOENT: no such file or directory, rename 'source/a/upload/20165519591336vv4562.mp4' -> 'source/a/upload/20165519591336vv4562.mp4.Done']
  errno: -2,
  code: 'ENOENT',
  syscall: 'rename',
  path: 'source/a/upload/20165519591336vv4562.mp4',
  dest: 'source/a/upload/20165519591336vv4562.mp4.Done' }
2016551959w6684.mp4：视频转码完成进度: 86%
2016551959w6684.mp4：视频转码完成进度: 85%
正在生成视频截图: 20165519591336vv4562_512x288.png
20165519594554vq86614.mp4：视频转码完成进度: 72%
20165519596684.mp4：视频转码完成进度: 85%
20165519596684.mp4：视频转码完成进度: 86%
20165519594554vq86614.mp4：视频转码完成进度: 73%
视频截图保存成功！
2016551959w6684.mp4：视频转码完成进度: 87%
2016551959w6684.mp4：视频转码完成进度: 86%
20165519594554vq86614.mp4：视频转码完成进度: 73%
20165519596684.mp4：视频转码完成进度: 86%
20165519594554vq86614.mp4：视频转码完成进度: 74%
20165519596684.mp4：视频转码完成进度: 89%
2016551959w6684.mp4：视频转码完成进度: 90%
2016551959w6684.mp4：视频转码完成进度: 88%
20165519596684.mp4：视频转码完成进度: 88%
20165519594554vq86614.mp4：视频转码完成进度: 73%
20165519596684.mp4：视频转码完成进度: 90%
2016551959w6684.mp4：视频转码完成进度: 91%
20165519594554vq86614.mp4：视频转码完成进度: 75%
2016551959w6684.mp4：视频转码完成进度: 90%
20165519594554vq86614.mp4：视频转码完成进度: 75%
20165519594554vq86614.mp4：视频转码完成进度: 74%
20165519596684.mp4：视频转码完成进度: 90%
20165519596684.mp4：视频转码完成进度: 92%
2016551959w6684.mp4：视频转码完成进度: 93%
2016551959w6684.mp4：视频转码完成进度: 92%
20165519594554vq86614.mp4：视频转码完成进度: 76%
20165519594554vq86614.mp4：视频转码完成进度: 75%
20165519596684.mp4：视频转码完成进度: 92%
20165519596684.mp4：视频转码完成进度: 94%
2016551959w6684.mp4：视频转码完成进度: 94%
2016551959w6684.mp4：视频转码完成进度: 93%
20165519594554vq86614.mp4：视频转码完成进度: 77%
20165519596684.mp4：视频转码完成进度: 94%
20165519594554vq86614.mp4：视频转码完成进度: 76%
2016551959w6684.mp4：视频转码完成进度: 95%
20165519596684.mp4：视频转码完成进度: 94%
2016551959w6684.mp4：视频转码完成进度: 94%
20165519594554vq86614.mp4：视频转码完成进度: 78%
20165519596684.mp4：视频转码完成进度: 95%
20165519596684.mp4：视频转码完成进度: 94%
2016551959w6684.mp4：视频转码完成进度: 97%
20165519594554vq86614.mp4：视频转码完成进度: 77%
2016551959w6684.mp4：视频转码完成进度: 96%
20165519594554vq86614.mp4：视频转码完成进度: 78%
20165519596684.mp4：视频转码完成进度: 97%
20165519596684.mp4：视频转码完成进度: 96%
20165519594554vq86614.mp4：视频转码完成进度: 79%
2016551959w6684.mp4：视频转码完成进度: 98%
2016551959w6684.mp4：视频转码完成进度: 98%
20165519596684.mp4：视频转码完成进度: 98%
20165519594554vq86614.mp4：视频转码完成进度: 79%
20165519596684.mp4：视频转码完成进度: 99%
2016551959w6684.mp4：视频转码完成进度: 99%
20165519594554vq86614.mp4：视频转码完成进度: 80%
20165519596684.mp4：视频转码完成进度: 99%
20165519594554vq86614.mp4：视频转码完成进度: 79%
2016551959w6684.mp4：视频转码完成进度: 99%
20165519594554vq86614.mp4：视频转码完成进度: 81%
20165519596684.mp4：视频转码完成进度: 99%
20165519594554vq86614.mp4：视频转码完成进度: 80%
20165519596684.mp4：视频转码完成进度: 99%
2016551959w6684.mp4：视频转码完成进度: 99%
20165519594554vq86614.mp4：视频转码完成进度: 82%
20165519594554vq86614.mp4：视频转码完成进度: 81%
20165519594554vq86614.mp4：视频转码完成进度: 83%
2016551959w6684.mp4：视频转码完成进度: 99%
2016551959w6684.mp4：视频转码成功！
转码成功并将原始文件重命名
正在生成视频截图: 2016551959w6684_448x336.png
20165519594554vq86614.mp4：视频转码完成进度: 82%
20165519596684.mp4：视频转码完成进度: 99%
20165519596684.mp4：视频转码成功！
转码成功并将原始文件重命名
视频截图保存成功！
正在生成视频截图: 20165519596684_448x336.png
20165519594554vq86614.mp4：视频转码完成进度: 84%
视频截图保存成功！
20165519596684.mp4：视频转码完成进度: 99%
2016551959w6684.mp4：视频转码完成进度: 99%
20165519594554vq86614.mp4：视频转码完成进度: 83%
20165519594554vq86614.mp4：视频转码完成进度: 86%
2016551959w6684.mp4：视频转码成功！
重命名文件失败 { [Error: ENOENT: no such file or directory, rename 'source/a/upload/2016551959w6684.mp4' -> 'source/a/upload/2016551959w6684.mp4.Done']
  errno: -2,
  code: 'ENOENT',
  syscall: 'rename',
  path: 'source/a/upload/2016551959w6684.mp4',
  dest: 'source/a/upload/2016551959w6684.mp4.Done' }
20165519596684.mp4：视频转码成功！
重命名文件失败 { [Error: ENOENT: no such file or directory, rename 'source/a/upload/20165519596684.mp4' -> 'source/a/upload/20165519596684.mp4.Done']
  errno: -2,
  code: 'ENOENT',
  syscall: 'rename',
  path: 'source/a/upload/20165519596684.mp4',
  dest: 'source/a/upload/20165519596684.mp4.Done' }
正在生成视频截图: 2016551959w6684_448x336.png
正在生成视频截图: 20165519596684_448x336.png
20165519594554vq86614.mp4：视频转码完成进度: 86%
视频截图保存成功！
视频截图保存成功！
20165519594554vq86614.mp4：视频转码完成进度: 88%
20165519594554vq86614.mp4：视频转码完成进度: 88%
20165519594554vq86614.mp4：视频转码完成进度: 90%
20165519594554vq86614.mp4：视频转码完成进度: 91%
20165519594554vq86614.mp4：视频转码完成进度: 93%
20165519594554vq86614.mp4：视频转码完成进度: 93%
20165519594554vq86614.mp4：视频转码完成进度: 95%
20165519596684_448x336.png：不是视频文件...
2016551959w6684_448x336.png：不是视频文件...
20165519596684_448x336.png：不是视频文件...
2016551959w6684_448x336.png：不是视频文件...
20165519596684.mp4.Done：不是视频文件...
2016551959w6684.mp4.Done：不是视频文件...
20165519596684.mp4.Done：不是视频文件...
2016551959w6684.mp4.Done：不是视频文件...
20165519594554vq86614.mp4：视频转码完成进度: 95%
20165519594554vq86614.mp4：视频转码完成进度: 98%
20165519594554vq86614.mp4：视频转码完成进度: 98%
20165519594554vq86614.mp4：视频转码完成进度: 100%
20165519594554vq86614.mp4：视频转码成功！
转码成功并将原始文件重命名
正在生成视频截图: 20165519594554vq86614_512x288.png
20165519594554vq86614.mp4：视频转码完成进度: 100%
视频截图保存成功！
20165519594554vq86614.mp4：视频转码成功！
重命名文件失败 { [Error: ENOENT: no such file or directory, rename 'source/a/upload/20165519594554vq86614.mp4' -> 'source/a/upload/20165519594554vq86614.mp4.Done']
  errno: -2,
  code: 'ENOENT',
  syscall: 'rename',
  path: 'source/a/upload/20165519594554vq86614.mp4',
  dest: 'source/a/upload/20165519594554vq86614.mp4.Done' }
正在生成视频截图: 20165519594554vq86614_512x288.png
视频截图保存成功！
20165519594554vq86614_512x288.png：不是视频文件...
20165519594554vq86614.mp4.Done：不是视频文件...
error: Forever detected script was killed by signal: SIGKILL
